{
 "cells": [
  {
   "cell_type": "markdown",
   "metadata": {},
   "source": [
    "# Database Layer Performance Benchmark\n",
    "\n",
    "**Question:** How many indicator responses per hub (application)?\n",
    "\n",
    "This notebook compares the same query across three database layers:\n",
    "- **Raw** — Normalized tables, multiple joins required\n",
    "- **Marts** — Star schema, single join required  \n",
    "- **Superset** — Pre-aggregated, no joins required"
   ]
  },
  {
   "cell_type": "code",
   "execution_count": 1,
   "metadata": {
    "execution": {
     "iopub.execute_input": "2025-12-16T16:44:17.765399Z",
     "iopub.status.busy": "2025-12-16T16:44:17.765228Z",
     "iopub.status.idle": "2025-12-16T16:44:18.420799Z",
     "shell.execute_reply": "2025-12-16T16:44:18.420149Z"
    }
   },
   "outputs": [
    {
     "name": "stdout",
     "output_type": "stream",
     "text": [
      "Connected.\n"
     ]
    }
   ],
   "source": [
    "import psycopg2\n",
    "import pandas as pd\n",
    "import time\n",
    "\n",
    "conn = psycopg2.connect(\n",
    "    \"postgresql://neondb_owner:npg_bDUciT6Bo2Ak@ep-fancy-unit-agjk1sky-pooler.c-2.eu-central-1.aws.neon.tech/neondb?sslmode=require\"\n",
    ")\n",
    "conn.autocommit = True\n",
    "\n",
    "def benchmark(query, iterations=3):\n",
    "    \"\"\"Run query and return results with timing.\"\"\"\n",
    "    times = []\n",
    "    for _ in range(iterations):\n",
    "        start = time.perf_counter()\n",
    "        with conn.cursor() as cur:\n",
    "            cur.execute(query)\n",
    "            result = cur.fetchall()\n",
    "            cols = [d[0] for d in cur.description]\n",
    "        times.append((time.perf_counter() - start) * 1000)\n",
    "    return pd.DataFrame(result, columns=cols), sum(times)/len(times)\n",
    "\n",
    "def explain(query):\n",
    "    \"\"\"Get execution plan.\"\"\"\n",
    "    with conn.cursor() as cur:\n",
    "        cur.execute(f\"EXPLAIN (ANALYZE, BUFFERS) {query}\")\n",
    "        return '\\n'.join([r[0] for r in cur.fetchall()])\n",
    "\n",
    "print(\"Connected.\")"
   ]
  },
  {
   "cell_type": "markdown",
   "metadata": {},
   "source": [
    "---\n",
    "## 1. Raw Layer\n",
    "\n",
    "**3 joins required:** `snapshot_stoplight` → `snapshot` → `applications`"
   ]
  },
  {
   "cell_type": "code",
   "execution_count": 2,
   "metadata": {
    "execution": {
     "iopub.execute_input": "2025-12-16T16:44:18.450160Z",
     "iopub.status.busy": "2025-12-16T16:44:18.449883Z",
     "iopub.status.idle": "2025-12-16T16:45:05.247487Z",
     "shell.execute_reply": "2025-12-16T16:45:05.246761Z"
    }
   },
   "outputs": [
    {
     "name": "stdout",
     "output_type": "stream",
     "text": [
      "⏱ 15595 ms\n"
     ]
    },
    {
     "data": {
      "text/html": [
       "<div>\n",
       "<style scoped>\n",
       "    .dataframe tbody tr th:only-of-type {\n",
       "        vertical-align: middle;\n",
       "    }\n",
       "\n",
       "    .dataframe tbody tr th {\n",
       "        vertical-align: top;\n",
       "    }\n",
       "\n",
       "    .dataframe thead th {\n",
       "        text-align: right;\n",
       "    }\n",
       "</style>\n",
       "<table border=\"1\" class=\"dataframe\">\n",
       "  <thead>\n",
       "    <tr style=\"text-align: right;\">\n",
       "      <th></th>\n",
       "      <th>hub_name</th>\n",
       "      <th>indicator_responses</th>\n",
       "    </tr>\n",
       "  </thead>\n",
       "  <tbody>\n",
       "    <tr>\n",
       "      <th>0</th>\n",
       "      <td>Unbound</td>\n",
       "      <td>22262198</td>\n",
       "    </tr>\n",
       "    <tr>\n",
       "      <th>1</th>\n",
       "      <td>Microfinanzas - FP</td>\n",
       "      <td>7002881</td>\n",
       "    </tr>\n",
       "    <tr>\n",
       "      <th>2</th>\n",
       "      <td>HP</td>\n",
       "      <td>2428618</td>\n",
       "    </tr>\n",
       "    <tr>\n",
       "      <th>3</th>\n",
       "      <td>Red de Empresas del Semáforo</td>\n",
       "      <td>1103587</td>\n",
       "    </tr>\n",
       "    <tr>\n",
       "      <th>4</th>\n",
       "      <td>Greenlight</td>\n",
       "      <td>561243</td>\n",
       "    </tr>\n",
       "    <tr>\n",
       "      <th>5</th>\n",
       "      <td>Fundacion Paraguaya</td>\n",
       "      <td>426423</td>\n",
       "    </tr>\n",
       "    <tr>\n",
       "      <th>6</th>\n",
       "      <td>Avanza Solido</td>\n",
       "      <td>336280</td>\n",
       "    </tr>\n",
       "    <tr>\n",
       "      <th>7</th>\n",
       "      <td>USEM Mexico</td>\n",
       "      <td>317056</td>\n",
       "    </tr>\n",
       "    <tr>\n",
       "      <th>8</th>\n",
       "      <td>Universidad Francisco Marroquín</td>\n",
       "      <td>312240</td>\n",
       "    </tr>\n",
       "    <tr>\n",
       "      <th>9</th>\n",
       "      <td>Telamon</td>\n",
       "      <td>279545</td>\n",
       "    </tr>\n",
       "    <tr>\n",
       "      <th>10</th>\n",
       "      <td>Signal</td>\n",
       "      <td>278747</td>\n",
       "    </tr>\n",
       "    <tr>\n",
       "      <th>11</th>\n",
       "      <td>Banco Da Familia</td>\n",
       "      <td>218881</td>\n",
       "    </tr>\n",
       "    <tr>\n",
       "      <th>12</th>\n",
       "      <td>Itaipú - Becal</td>\n",
       "      <td>201336</td>\n",
       "    </tr>\n",
       "    <tr>\n",
       "      <th>13</th>\n",
       "      <td>ACEGE</td>\n",
       "      <td>183133</td>\n",
       "    </tr>\n",
       "    <tr>\n",
       "      <th>14</th>\n",
       "      <td>Emprender</td>\n",
       "      <td>181305</td>\n",
       "    </tr>\n",
       "  </tbody>\n",
       "</table>\n",
       "</div>"
      ],
      "text/plain": [
       "                            hub_name  indicator_responses\n",
       "0                            Unbound             22262198\n",
       "1                 Microfinanzas - FP              7002881\n",
       "2                                 HP              2428618\n",
       "3       Red de Empresas del Semáforo              1103587\n",
       "4                         Greenlight               561243\n",
       "5                Fundacion Paraguaya               426423\n",
       "6                      Avanza Solido               336280\n",
       "7                        USEM Mexico               317056\n",
       "8   Universidad Francisco Marroquín                312240\n",
       "9                            Telamon               279545\n",
       "10                            Signal               278747\n",
       "11                  Banco Da Familia               218881\n",
       "12                    Itaipú - Becal               201336\n",
       "13                             ACEGE               183133\n",
       "14                         Emprender               181305"
      ]
     },
     "execution_count": 2,
     "metadata": {},
     "output_type": "execute_result"
    }
   ],
   "source": [
    "q_raw = \"\"\"\n",
    "SELECT \n",
    "    a.name AS hub_name,\n",
    "    COUNT(*) AS indicator_responses\n",
    "FROM data_collect.snapshot_stoplight ssl\n",
    "JOIN data_collect.snapshot s ON ssl.snapshot_id = s.id\n",
    "JOIN ps_network.applications a ON s.application_id = a.id\n",
    "GROUP BY a.name\n",
    "ORDER BY indicator_responses DESC\n",
    "LIMIT 15\n",
    "\"\"\"\n",
    "\n",
    "df_raw, time_raw = benchmark(q_raw)\n",
    "print(f\"⏱ {time_raw:.0f} ms\")\n",
    "df_raw"
   ]
  },
  {
   "cell_type": "code",
   "execution_count": 3,
   "metadata": {
    "execution": {
     "iopub.execute_input": "2025-12-16T16:45:05.249772Z",
     "iopub.status.busy": "2025-12-16T16:45:05.249630Z",
     "iopub.status.idle": "2025-12-16T16:45:13.100019Z",
     "shell.execute_reply": "2025-12-16T16:45:13.099360Z"
    }
   },
   "outputs": [
    {
     "name": "stdout",
     "output_type": "stream",
     "text": [
      "Limit  (cost=1066475.33..1066475.37 rows=15 width=23) (actual time=7578.684..7803.696 rows=15 loops=1)\n",
      "  Buffers: shared hit=59172 read=212551, temp read=137383 written=137448\n",
      "  ->  Sort  (cost=1066475.33..1066475.64 rows=124 width=23) (actual time=7578.682..7803.691 rows=15 loops=1)\n",
      "        Sort Key: (count(*)) DESC\n",
      "        Sort Method: top-N heapsort  Memory: 26kB\n",
      "        Buffers: shared hit=59172 read=212551, temp read=137383 written=137448\n",
      "        ->  Finalize GroupAggregate  (cost=1066440.87..1066472.29 rows=124 width=23) (actual time=7578.458..7803.669 rows=92 loops=1)\n",
      "              Group Key: a.name\n",
      "              Buffers: shared hit=59172 read=212551, temp read=137383 written=137448\n",
      "              ->  Gather Merge  (cost=1066440.87..1066469.81 rows=248 width=23) (actual time=7578.452..7803.607 rows=274 loops=1)\n",
      "                    Workers Planned: 2\n",
      "                    Workers Launched: 2\n",
      "                    Buffers: shared hit=59172 read=212551, temp read=137383 written=137448\n",
      "                    ->  Sort  (cost=1065440.85..1065441.16 rows=124 width=23) (actual time=7574.943..7575.376 rows=91 loops=3)\n",
      "                          Sort Key: a.name\n",
      "                          Sort Method: quicksort  Memory: 28kB\n",
      "                          Buffers: shared hit=59172 read=212551, temp read=137383 written=137448\n",
      "                          Worker 0:  Sort Method: quicksort  Memory: 28kB\n",
      "                          Worker 1:  Sort Method: quicksort  Memory: 28kB\n",
      "                          ->  Partial HashAggregate  (cost=1065435.30..1065436.54 rows=124 width=23) (actual time=7574.863..7575.307 rows=91 loops=3)\n",
      "                                Group Key: a.name\n",
      "                                Batches: 1  Memory Usage: 40kB\n",
      "                                Buffers: shared hit=59156 read=212551, temp read=137383 written=137448\n",
      "                                Worker 0:  Batches: 1  Memory Usage: 40kB\n",
      "                                Worker 1:  Batches: 1  Memory Usage: 40kB\n",
      "                                ->  Parallel Hash Join  (cost=231052.69..984357.55 rows=16215550 width=15) (actual time=3175.696..5526.311 rows=12972440 loops=3)\n",
      "                                      Hash Cond: (ssl.snapshot_id = s.id)\n",
      "                                      Buffers: shared hit=59156 read=212551, temp read=137383 written=137448\n",
      "                                      ->  Parallel Index Only Scan using idx_snapshot_stoplight_snapshot_id on snapshot_stoplight ssl  (cost=0.44..495754.12 rows=16215550 width=8) (actual time=0.048..1046.374 rows=12972440 loops=3)\n",
      "                                            Heap Fetches: 0\n",
      "                                            Buffers: shared hit=58541\n",
      "                                      ->  Parallel Hash  (cost=223239.82..223239.82 rows=425475 width=23) (actual time=461.085..461.089 rows=340380 loops=3)\n",
      "                                            Buckets: 131072  Batches: 8  Memory Usage: 7744kB\n",
      "                                            Buffers: shared hit=591 read=212551, temp written=4348\n",
      "                                            ->  Hash Join  (cost=7.79..223239.82 rows=425475 width=23) (actual time=0.129..395.700 rows=340380 loops=3)\n",
      "                                                  Hash Cond: (s.application_id = a.id)\n",
      "                                                  Buffers: shared hit=591 read=212551\n",
      "                                                  ->  Parallel Seq Scan on snapshot s  (cost=0.00..217381.75 rows=425475 width=16) (actual time=0.074..324.721 rows=340380 loops=3)\n",
      "                                                        Buffers: shared hit=576 read=212551\n",
      "                                                  ->  Hash  (cost=6.24..6.24 rows=124 width=23) (actual time=0.048..0.049 rows=124 loops=3)\n",
      "                                                        Buckets: 1024  Batches: 1  Memory Usage: 16kB\n",
      "                                                        Buffers: shared hit=15\n",
      "                                                        ->  Seq Scan on applications a  (cost=0.00..6.24 rows=124 width=23) (actual time=0.007..0.026 rows=124 loops=3)\n",
      "                                                              Buffers: shared hit=15\n",
      "Planning:\n",
      "  Buffers: shared hit=20\n",
      "Planning Time: 0.271 ms\n",
      "Execution Time: 7803.825 ms\n"
     ]
    }
   ],
   "source": [
    "print(explain(q_raw))"
   ]
  },
  {
   "cell_type": "markdown",
   "metadata": {},
   "source": [
    "---\n",
    "## 2. Marts Layer\n",
    "\n",
    "**1 join required:** `fact_indicators` → `dim_organization`"
   ]
  },
  {
   "cell_type": "code",
   "execution_count": 4,
   "metadata": {
    "execution": {
     "iopub.execute_input": "2025-12-16T16:45:13.101957Z",
     "iopub.status.busy": "2025-12-16T16:45:13.101797Z",
     "iopub.status.idle": "2025-12-16T16:45:25.880657Z",
     "shell.execute_reply": "2025-12-16T16:45:25.879836Z"
    }
   },
   "outputs": [
    {
     "name": "stdout",
     "output_type": "stream",
     "text": [
      "⏱ 4257 ms\n"
     ]
    },
    {
     "data": {
      "text/html": [
       "<div>\n",
       "<style scoped>\n",
       "    .dataframe tbody tr th:only-of-type {\n",
       "        vertical-align: middle;\n",
       "    }\n",
       "\n",
       "    .dataframe tbody tr th {\n",
       "        vertical-align: top;\n",
       "    }\n",
       "\n",
       "    .dataframe thead th {\n",
       "        text-align: right;\n",
       "    }\n",
       "</style>\n",
       "<table border=\"1\" class=\"dataframe\">\n",
       "  <thead>\n",
       "    <tr style=\"text-align: right;\">\n",
       "      <th></th>\n",
       "      <th>hub_name</th>\n",
       "      <th>indicator_responses</th>\n",
       "    </tr>\n",
       "  </thead>\n",
       "  <tbody>\n",
       "    <tr>\n",
       "      <th>0</th>\n",
       "      <td>Unbound</td>\n",
       "      <td>22254074</td>\n",
       "    </tr>\n",
       "    <tr>\n",
       "      <th>1</th>\n",
       "      <td>Microfinanzas - FP</td>\n",
       "      <td>7002875</td>\n",
       "    </tr>\n",
       "    <tr>\n",
       "      <th>2</th>\n",
       "      <td>HP</td>\n",
       "      <td>2428618</td>\n",
       "    </tr>\n",
       "    <tr>\n",
       "      <th>3</th>\n",
       "      <td>Red de Empresas del Semáforo</td>\n",
       "      <td>1103587</td>\n",
       "    </tr>\n",
       "    <tr>\n",
       "      <th>4</th>\n",
       "      <td>Greenlight</td>\n",
       "      <td>560979</td>\n",
       "    </tr>\n",
       "    <tr>\n",
       "      <th>5</th>\n",
       "      <td>Fundacion Paraguaya</td>\n",
       "      <td>424332</td>\n",
       "    </tr>\n",
       "    <tr>\n",
       "      <th>6</th>\n",
       "      <td>Avanza Solido</td>\n",
       "      <td>336280</td>\n",
       "    </tr>\n",
       "    <tr>\n",
       "      <th>7</th>\n",
       "      <td>USEM Mexico</td>\n",
       "      <td>317056</td>\n",
       "    </tr>\n",
       "    <tr>\n",
       "      <th>8</th>\n",
       "      <td>Universidad Francisco Marroquín</td>\n",
       "      <td>312020</td>\n",
       "    </tr>\n",
       "    <tr>\n",
       "      <th>9</th>\n",
       "      <td>Telamon</td>\n",
       "      <td>279545</td>\n",
       "    </tr>\n",
       "    <tr>\n",
       "      <th>10</th>\n",
       "      <td>Signal</td>\n",
       "      <td>278741</td>\n",
       "    </tr>\n",
       "    <tr>\n",
       "      <th>11</th>\n",
       "      <td>Banco Da Familia</td>\n",
       "      <td>218881</td>\n",
       "    </tr>\n",
       "    <tr>\n",
       "      <th>12</th>\n",
       "      <td>Itaipú - Becal</td>\n",
       "      <td>201325</td>\n",
       "    </tr>\n",
       "    <tr>\n",
       "      <th>13</th>\n",
       "      <td>ACEGE</td>\n",
       "      <td>182717</td>\n",
       "    </tr>\n",
       "    <tr>\n",
       "      <th>14</th>\n",
       "      <td>Emprender</td>\n",
       "      <td>181272</td>\n",
       "    </tr>\n",
       "  </tbody>\n",
       "</table>\n",
       "</div>"
      ],
      "text/plain": [
       "                            hub_name  indicator_responses\n",
       "0                            Unbound             22254074\n",
       "1                 Microfinanzas - FP              7002875\n",
       "2                                 HP              2428618\n",
       "3       Red de Empresas del Semáforo              1103587\n",
       "4                         Greenlight               560979\n",
       "5                Fundacion Paraguaya               424332\n",
       "6                      Avanza Solido               336280\n",
       "7                        USEM Mexico               317056\n",
       "8   Universidad Francisco Marroquín                312020\n",
       "9                            Telamon               279545\n",
       "10                            Signal               278741\n",
       "11                  Banco Da Familia               218881\n",
       "12                    Itaipú - Becal               201325\n",
       "13                             ACEGE               182717\n",
       "14                         Emprender               181272"
      ]
     },
     "execution_count": 4,
     "metadata": {},
     "output_type": "execute_result"
    }
   ],
   "source": [
    "q_marts = \"\"\"\n",
    "SELECT \n",
    "    o.application_name AS hub_name,\n",
    "    COUNT(*) AS indicator_responses\n",
    "FROM analytics_marts.fact_indicators fi\n",
    "JOIN analytics_marts.dim_organization o ON fi.organization_id = o.organization_id\n",
    "GROUP BY o.application_name\n",
    "ORDER BY indicator_responses DESC\n",
    "LIMIT 15\n",
    "\"\"\"\n",
    "\n",
    "df_marts, time_marts = benchmark(q_marts)\n",
    "print(f\"⏱ {time_marts:.0f} ms\")\n",
    "df_marts"
   ]
  },
  {
   "cell_type": "code",
   "execution_count": 5,
   "metadata": {
    "execution": {
     "iopub.execute_input": "2025-12-16T16:45:25.882941Z",
     "iopub.status.busy": "2025-12-16T16:45:25.882803Z",
     "iopub.status.idle": "2025-12-16T16:45:35.213818Z",
     "shell.execute_reply": "2025-12-16T16:45:35.212992Z"
    }
   },
   "outputs": [
    {
     "name": "stdout",
     "output_type": "stream",
     "text": [
      "Limit  (cost=1112094.20..1112094.23 rows=15 width=24) (actual time=9282.195..9284.634 rows=15 loops=1)\n",
      "  Buffers: shared hit=637 read=644564\n",
      "  ->  Sort  (cost=1112094.20..1112094.46 rows=105 width=24) (actual time=9282.193..9284.629 rows=15 loops=1)\n",
      "        Sort Key: (count(*)) DESC\n",
      "        Sort Method: top-N heapsort  Memory: 26kB\n",
      "        Buffers: shared hit=637 read=644564\n",
      "        ->  Finalize GroupAggregate  (cost=1112065.02..1112091.62 rows=105 width=24) (actual time=9282.032..9284.609 rows=92 loops=1)\n",
      "              Group Key: o.application_name\n",
      "              Buffers: shared hit=637 read=644564\n",
      "              ->  Gather Merge  (cost=1112065.02..1112089.52 rows=210 width=24) (actual time=9282.025..9284.544 rows=266 loops=1)\n",
      "                    Workers Planned: 2\n",
      "                    Workers Launched: 2\n",
      "                    Buffers: shared hit=637 read=644564\n",
      "                    ->  Sort  (cost=1111065.00..1111065.26 rows=105 width=24) (actual time=9279.498..9279.505 rows=89 loops=3)\n",
      "                          Sort Key: o.application_name\n",
      "                          Sort Method: quicksort  Memory: 28kB\n",
      "                          Buffers: shared hit=637 read=644564\n",
      "                          Worker 0:  Sort Method: quicksort  Memory: 28kB\n",
      "                          Worker 1:  Sort Method: quicksort  Memory: 28kB\n",
      "                          ->  Partial HashAggregate  (cost=1111060.42..1111061.47 rows=105 width=24) (actual time=9279.443..9279.457 rows=89 loops=3)\n",
      "                                Group Key: o.application_name\n",
      "                                Batches: 1  Memory Usage: 24kB\n",
      "                                Buffers: shared hit=621 read=644564\n",
      "                                Worker 0:  Batches: 1  Memory Usage: 24kB\n",
      "                                Worker 1:  Batches: 1  Memory Usage: 24kB\n",
      "                                ->  Hash Join  (cost=69.28..1030026.14 rows=16206857 width=16) (actual time=0.482..6937.001 rows=12964056 loops=3)\n",
      "                                      Hash Cond: (fi.organization_id = o.organization_id)\n",
      "                                      Buffers: shared hit=621 read=644564\n",
      "                                      ->  Parallel Seq Scan on fact_indicators fi  (cost=0.00..807112.57 rows=16206857 width=8) (actual time=0.073..4170.207 rows=12964056 loops=3)\n",
      "                                            Buffers: shared hit=480 read=644564\n",
      "                                      ->  Hash  (cost=52.46..52.46 rows=1346 width=24) (actual time=0.389..0.390 rows=1346 loops=3)\n",
      "                                            Buckets: 2048  Batches: 1  Memory Usage: 95kB\n",
      "                                            Buffers: shared hit=117\n",
      "                                            ->  Seq Scan on dim_organization o  (cost=0.00..52.46 rows=1346 width=24) (actual time=0.007..0.186 rows=1346 loops=3)\n",
      "                                                  Buffers: shared hit=117\n",
      "Planning Time: 0.115 ms\n",
      "Execution Time: 9284.685 ms\n"
     ]
    }
   ],
   "source": [
    "print(explain(q_marts))"
   ]
  },
  {
   "cell_type": "markdown",
   "metadata": {},
   "source": [
    "---\n",
    "## 3. Superset Layer\n",
    "\n",
    "**No joins required** — `hub_name` is denormalized into the table"
   ]
  },
  {
   "cell_type": "code",
   "execution_count": 6,
   "metadata": {
    "execution": {
     "iopub.execute_input": "2025-12-16T16:45:35.215790Z",
     "iopub.status.busy": "2025-12-16T16:45:35.215633Z",
     "iopub.status.idle": "2025-12-16T16:45:36.187147Z",
     "shell.execute_reply": "2025-12-16T16:45:36.186568Z"
    }
   },
   "outputs": [
    {
     "name": "stdout",
     "output_type": "stream",
     "text": [
      "⏱ 322 ms\n"
     ]
    },
    {
     "data": {
      "text/html": [
       "<div>\n",
       "<style scoped>\n",
       "    .dataframe tbody tr th:only-of-type {\n",
       "        vertical-align: middle;\n",
       "    }\n",
       "\n",
       "    .dataframe tbody tr th {\n",
       "        vertical-align: top;\n",
       "    }\n",
       "\n",
       "    .dataframe thead th {\n",
       "        text-align: right;\n",
       "    }\n",
       "</style>\n",
       "<table border=\"1\" class=\"dataframe\">\n",
       "  <thead>\n",
       "    <tr style=\"text-align: right;\">\n",
       "      <th></th>\n",
       "      <th>hub_name</th>\n",
       "      <th>indicator_responses</th>\n",
       "    </tr>\n",
       "  </thead>\n",
       "  <tbody>\n",
       "    <tr>\n",
       "      <th>0</th>\n",
       "      <td>Unbound</td>\n",
       "      <td>21705405</td>\n",
       "    </tr>\n",
       "    <tr>\n",
       "      <th>1</th>\n",
       "      <td>Microfinanzas - FP</td>\n",
       "      <td>7002875</td>\n",
       "    </tr>\n",
       "    <tr>\n",
       "      <th>2</th>\n",
       "      <td>Red de Empresas del Semáforo</td>\n",
       "      <td>1089457</td>\n",
       "    </tr>\n",
       "    <tr>\n",
       "      <th>3</th>\n",
       "      <td>Greenlight</td>\n",
       "      <td>498673</td>\n",
       "    </tr>\n",
       "    <tr>\n",
       "      <th>4</th>\n",
       "      <td>Fundacion Paraguaya</td>\n",
       "      <td>384957</td>\n",
       "    </tr>\n",
       "    <tr>\n",
       "      <th>5</th>\n",
       "      <td>USEM Mexico</td>\n",
       "      <td>316896</td>\n",
       "    </tr>\n",
       "    <tr>\n",
       "      <th>6</th>\n",
       "      <td>Avanza Solido</td>\n",
       "      <td>311059</td>\n",
       "    </tr>\n",
       "    <tr>\n",
       "      <th>7</th>\n",
       "      <td>Universidad Francisco Marroquín</td>\n",
       "      <td>289070</td>\n",
       "    </tr>\n",
       "    <tr>\n",
       "      <th>8</th>\n",
       "      <td>Telamon</td>\n",
       "      <td>279534</td>\n",
       "    </tr>\n",
       "    <tr>\n",
       "      <th>9</th>\n",
       "      <td>Signal</td>\n",
       "      <td>277084</td>\n",
       "    </tr>\n",
       "    <tr>\n",
       "      <th>10</th>\n",
       "      <td>Banco Da Familia</td>\n",
       "      <td>218881</td>\n",
       "    </tr>\n",
       "    <tr>\n",
       "      <th>11</th>\n",
       "      <td>Itaipú - Becal</td>\n",
       "      <td>201325</td>\n",
       "    </tr>\n",
       "    <tr>\n",
       "      <th>12</th>\n",
       "      <td>Emprender</td>\n",
       "      <td>179487</td>\n",
       "    </tr>\n",
       "    <tr>\n",
       "      <th>13</th>\n",
       "      <td>Empresas en Comunidades Paraguay</td>\n",
       "      <td>173403</td>\n",
       "    </tr>\n",
       "    <tr>\n",
       "      <th>14</th>\n",
       "      <td>Educación Emprendedora</td>\n",
       "      <td>147941</td>\n",
       "    </tr>\n",
       "  </tbody>\n",
       "</table>\n",
       "</div>"
      ],
      "text/plain": [
       "                            hub_name indicator_responses\n",
       "0                            Unbound            21705405\n",
       "1                 Microfinanzas - FP             7002875\n",
       "2       Red de Empresas del Semáforo             1089457\n",
       "3                         Greenlight              498673\n",
       "4                Fundacion Paraguaya              384957\n",
       "5                        USEM Mexico              316896\n",
       "6                      Avanza Solido              311059\n",
       "7   Universidad Francisco Marroquín               289070\n",
       "8                            Telamon              279534\n",
       "9                             Signal              277084\n",
       "10                  Banco Da Familia              218881\n",
       "11                    Itaipú - Becal              201325\n",
       "12                         Emprender              179487\n",
       "13  Empresas en Comunidades Paraguay              173403\n",
       "14            Educación Emprendedora              147941"
      ]
     },
     "execution_count": 6,
     "metadata": {},
     "output_type": "execute_result"
    }
   ],
   "source": [
    "q_superset = \"\"\"\n",
    "SELECT \n",
    "    hub_name,\n",
    "    SUM(family_count) AS indicator_responses\n",
    "FROM superset.\"Indicators\"\n",
    "GROUP BY hub_name\n",
    "ORDER BY indicator_responses DESC\n",
    "LIMIT 15\n",
    "\"\"\"\n",
    "\n",
    "df_superset, time_superset = benchmark(q_superset)\n",
    "print(f\"⏱ {time_superset:.0f} ms\")\n",
    "df_superset"
   ]
  },
  {
   "cell_type": "code",
   "execution_count": 7,
   "metadata": {
    "execution": {
     "iopub.execute_input": "2025-12-16T16:45:36.188734Z",
     "iopub.status.busy": "2025-12-16T16:45:36.188619Z",
     "iopub.status.idle": "2025-12-16T16:45:36.459576Z",
     "shell.execute_reply": "2025-12-16T16:45:36.459060Z"
    }
   },
   "outputs": [
    {
     "name": "stdout",
     "output_type": "stream",
     "text": [
      "Limit  (cost=54519.03..54519.07 rows=15 width=42) (actual time=224.245..226.452 rows=15 loops=1)\n",
      "  Buffers: shared hit=496 read=42930\n",
      "  ->  Sort  (cost=54519.03..54519.24 rows=85 width=42) (actual time=224.244..226.449 rows=15 loops=1)\n",
      "        Sort Key: (sum(family_count)) DESC\n",
      "        Sort Method: top-N heapsort  Memory: 26kB\n",
      "        Buffers: shared hit=496 read=42930\n",
      "        ->  Finalize GroupAggregate  (cost=54494.77..54516.94 rows=85 width=42) (actual time=224.033..226.408 rows=89 loops=1)\n",
      "              Group Key: hub_name\n",
      "              Buffers: shared hit=496 read=42930\n",
      "              ->  Gather Merge  (cost=54494.77..54514.61 rows=170 width=42) (actual time=224.024..226.294 rows=214 loops=1)\n",
      "                    Workers Planned: 2\n",
      "                    Workers Launched: 2\n",
      "                    Buffers: shared hit=496 read=42930\n",
      "                    ->  Sort  (cost=53494.75..53494.96 rows=85 width=42) (actual time=221.601..221.606 rows=71 loops=3)\n",
      "                          Sort Key: hub_name\n",
      "                          Sort Method: quicksort  Memory: 29kB\n",
      "                          Buffers: shared hit=496 read=42930\n",
      "                          Worker 0:  Sort Method: quicksort  Memory: 29kB\n",
      "                          Worker 1:  Sort Method: quicksort  Memory: 29kB\n",
      "                          ->  Partial HashAggregate  (cost=53490.96..53492.02 rows=85 width=42) (actual time=221.547..221.563 rows=71 loops=3)\n",
      "                                Group Key: hub_name\n",
      "                                Batches: 1  Memory Usage: 32kB\n",
      "                                Buffers: shared hit=480 read=42930\n",
      "                                Worker 0:  Batches: 1  Memory Usage: 32kB\n",
      "                                Worker 1:  Batches: 1  Memory Usage: 32kB\n",
      "                                ->  Parallel Seq Scan on \"Indicators\"  (cost=0.00..50130.64 rows=672064 width=18) (actual time=0.065..90.558 rows=537523 loops=3)\n",
      "                                      Buffers: shared hit=480 read=42930\n",
      "Planning Time: 0.106 ms\n",
      "Execution Time: 226.493 ms\n"
     ]
    }
   ],
   "source": [
    "print(explain(q_superset))"
   ]
  },
  {
   "cell_type": "markdown",
   "metadata": {},
   "source": [
    "---\n",
    "## Summary"
   ]
  },
  {
   "cell_type": "code",
   "execution_count": 8,
   "metadata": {
    "execution": {
     "iopub.execute_input": "2025-12-16T16:45:36.461261Z",
     "iopub.status.busy": "2025-12-16T16:45:36.461133Z",
     "iopub.status.idle": "2025-12-16T16:45:36.466637Z",
     "shell.execute_reply": "2025-12-16T16:45:36.466166Z"
    }
   },
   "outputs": [
    {
     "data": {
      "text/html": [
       "<div>\n",
       "<style scoped>\n",
       "    .dataframe tbody tr th:only-of-type {\n",
       "        vertical-align: middle;\n",
       "    }\n",
       "\n",
       "    .dataframe tbody tr th {\n",
       "        vertical-align: top;\n",
       "    }\n",
       "\n",
       "    .dataframe thead th {\n",
       "        text-align: right;\n",
       "    }\n",
       "</style>\n",
       "<table border=\"1\" class=\"dataframe\">\n",
       "  <thead>\n",
       "    <tr style=\"text-align: right;\">\n",
       "      <th></th>\n",
       "      <th>Layer</th>\n",
       "      <th>Joins</th>\n",
       "      <th>Time (ms)</th>\n",
       "      <th>Speedup vs Raw</th>\n",
       "    </tr>\n",
       "  </thead>\n",
       "  <tbody>\n",
       "    <tr>\n",
       "      <th>0</th>\n",
       "      <td>Raw</td>\n",
       "      <td>2</td>\n",
       "      <td>15595</td>\n",
       "      <td>1.0x</td>\n",
       "    </tr>\n",
       "    <tr>\n",
       "      <th>1</th>\n",
       "      <td>Marts</td>\n",
       "      <td>1</td>\n",
       "      <td>4257</td>\n",
       "      <td>3.7x</td>\n",
       "    </tr>\n",
       "    <tr>\n",
       "      <th>2</th>\n",
       "      <td>Superset</td>\n",
       "      <td>0</td>\n",
       "      <td>322</td>\n",
       "      <td>48.4x</td>\n",
       "    </tr>\n",
       "  </tbody>\n",
       "</table>\n",
       "</div>"
      ],
      "text/plain": [
       "      Layer  Joins Time (ms) Speedup vs Raw\n",
       "0       Raw      2     15595           1.0x\n",
       "1     Marts      1      4257           3.7x\n",
       "2  Superset      0       322          48.4x"
      ]
     },
     "execution_count": 8,
     "metadata": {},
     "output_type": "execute_result"
    }
   ],
   "source": [
    "summary = pd.DataFrame({\n",
    "    'Layer': ['Raw', 'Marts', 'Superset'],\n",
    "    'Joins': [2, 1, 0],\n",
    "    'Time (ms)': [f\"{time_raw:.0f}\", f\"{time_marts:.0f}\", f\"{time_superset:.0f}\"],\n",
    "    'Speedup vs Raw': ['1.0x', f\"{time_raw/time_marts:.1f}x\", f\"{time_raw/time_superset:.1f}x\"]\n",
    "})\n",
    "summary"
   ]
  },
  {
   "cell_type": "code",
   "execution_count": 9,
   "metadata": {
    "execution": {
     "iopub.execute_input": "2025-12-16T16:45:36.467967Z",
     "iopub.status.busy": "2025-12-16T16:45:36.467868Z",
     "iopub.status.idle": "2025-12-16T16:45:46.144887Z",
     "shell.execute_reply": "2025-12-16T16:45:46.143843Z"
    }
   },
   "outputs": [
    {
     "data": {
      "text/html": [
       "<div>\n",
       "<style scoped>\n",
       "    .dataframe tbody tr th:only-of-type {\n",
       "        vertical-align: middle;\n",
       "    }\n",
       "\n",
       "    .dataframe tbody tr th {\n",
       "        vertical-align: top;\n",
       "    }\n",
       "\n",
       "    .dataframe thead th {\n",
       "        text-align: right;\n",
       "    }\n",
       "</style>\n",
       "<table border=\"1\" class=\"dataframe\">\n",
       "  <thead>\n",
       "    <tr style=\"text-align: right;\">\n",
       "      <th></th>\n",
       "      <th>Table</th>\n",
       "      <th>Rows</th>\n",
       "    </tr>\n",
       "  </thead>\n",
       "  <tbody>\n",
       "    <tr>\n",
       "      <th>0</th>\n",
       "      <td>Indicators (superset)</td>\n",
       "      <td>1,612,570</td>\n",
       "    </tr>\n",
       "    <tr>\n",
       "      <th>1</th>\n",
       "      <td>snapshot_stoplight (raw)</td>\n",
       "      <td>38,917,319</td>\n",
       "    </tr>\n",
       "    <tr>\n",
       "      <th>2</th>\n",
       "      <td>fact_indicators (marts)</td>\n",
       "      <td>38,892,168</td>\n",
       "    </tr>\n",
       "  </tbody>\n",
       "</table>\n",
       "</div>"
      ],
      "text/plain": [
       "                      Table        Rows\n",
       "0     Indicators (superset)   1,612,570\n",
       "1  snapshot_stoplight (raw)  38,917,319\n",
       "2   fact_indicators (marts)  38,892,168"
      ]
     },
     "execution_count": 9,
     "metadata": {},
     "output_type": "execute_result"
    }
   ],
   "source": [
    "# Data volumes for context\n",
    "volumes = \"\"\"\n",
    "SELECT 'snapshot_stoplight (raw)' as tbl, COUNT(*) as rows FROM data_collect.snapshot_stoplight\n",
    "UNION ALL SELECT 'fact_indicators (marts)', COUNT(*) FROM analytics_marts.fact_indicators\n",
    "UNION ALL SELECT 'Indicators (superset)', COUNT(*) FROM superset.\"Indicators\"\n",
    "\"\"\"\n",
    "with conn.cursor() as cur:\n",
    "    cur.execute(volumes)\n",
    "    vol_df = pd.DataFrame(cur.fetchall(), columns=['Table', 'Rows'])\n",
    "vol_df['Rows'] = vol_df['Rows'].apply(lambda x: f\"{x:,}\")\n",
    "vol_df"
   ]
  },
  {
   "cell_type": "code",
   "execution_count": 10,
   "metadata": {
    "execution": {
     "iopub.execute_input": "2025-12-16T16:45:46.148528Z",
     "iopub.status.busy": "2025-12-16T16:45:46.148370Z",
     "iopub.status.idle": "2025-12-16T16:45:46.151416Z",
     "shell.execute_reply": "2025-12-16T16:45:46.150391Z"
    }
   },
   "outputs": [
    {
     "name": "stdout",
     "output_type": "stream",
     "text": [
      "Done.\n"
     ]
    }
   ],
   "source": [
    "conn.close()\n",
    "print(\"Done.\")"
   ]
  }
 ],
 "metadata": {
  "kernelspec": {
   "display_name": "Python 3",
   "language": "python",
   "name": "python3"
  },
  "language_info": {
   "codemirror_mode": {
    "name": "ipython",
    "version": 3
   },
   "file_extension": ".py",
   "mimetype": "text/x-python",
   "name": "python",
   "nbconvert_exporter": "python",
   "pygments_lexer": "ipython3",
   "version": "3.11.11"
  }
 },
 "nbformat": 4,
 "nbformat_minor": 4
}
